== black-o1 ==
DIFF /github_job: local=<absent-local> ref=expert-audits
DIFF /github_run_attempt: local=<absent-local> ref=1
DIFF /github_run_id: local=<absent-local> ref=29267179250
DIFF /github_sha: local=<absent-local> ref=33d4267a69329295de0c01401413d7f7e17fcc18
DIFF /label: local=<absent-local> ref=black-o1
DIFF /matrix_direction: local=<absent-local> ref=black
DIFF /matrix_order: local=<absent-local> ref=1
DIFF /python: local=<absent-local> ref=3.12.13
DIFF /runner_name: local=<absent-local> ref=GitHub Actions 1000003076
DIFF /runner_os: local=<absent-local> ref=Linux
MISMATCH (10 fields)
== white-o1 ==
DIFF /github_job: local=<absent-local> ref=expert-audits
DIFF /github_run_attempt: local=<absent-local> ref=1
DIFF /github_run_id: local=<absent-local> ref=29267179250
DIFF /github_sha: local=<absent-local> ref=33d4267a69329295de0c01401413d7f7e17fcc18
DIFF /label: local=<absent-local> ref=white-o1
DIFF /matrix_direction: local=<absent-local> ref=white
DIFF /matrix_order: local=<absent-local> ref=1
DIFF /python: local=<absent-local> ref=3.12.13
DIFF /runner_name: local=<absent-local> ref=GitHub Actions 1000003073
DIFF /runner_os: local=<absent-local> ref=Linux
MISMATCH (10 fields)
== black-o2 ==
DIFF /github_job: local=<absent-local> ref=expert-audits
DIFF /github_run_attempt: local=<absent-local> ref=1
DIFF /github_run_id: local=<absent-local> ref=29267179250
DIFF /github_sha: local=<absent-local> ref=33d4267a69329295de0c01401413d7f7e17fcc18
DIFF /label: local=<absent-local> ref=black-o2
DIFF /matrix_direction: local=<absent-local> ref=black
DIFF /matrix_order: local=<absent-local> ref=2
DIFF /python: local=<absent-local> ref=3.12.13
DIFF /runner_name: local=<absent-local> ref=GitHub Actions 1000003078
DIFF /runner_os: local=<absent-local> ref=Linux
MISMATCH (10 fields)
== white-o2 ==
DIFF /github_job: local=<absent-local> ref=expert-audits
DIFF /github_run_attempt: local=<absent-local> ref=1
DIFF /github_run_id: local=<absent-local> ref=29267179250
DIFF /github_sha: local=<absent-local> ref=33d4267a69329295de0c01401413d7f7e17fcc18
DIFF /label: local=<absent-local> ref=white-o2
DIFF /matrix_direction: local=<absent-local> ref=white
DIFF /matrix_order: local=<absent-local> ref=2
DIFF /python: local=<absent-local> ref=3.12.13
DIFF /runner_name: local=<absent-local> ref=GitHub Actions 1000003082
DIFF /runner_os: local=<absent-local> ref=Linux
MISMATCH (10 fields)
== black-o3 ==
DIFF /github_job: local=<absent-local> ref=expert-audits
DIFF /github_run_attempt: local=<absent-local> ref=1
DIFF /github_run_id: local=<absent-local> ref=29267179250
DIFF /github_sha: local=<absent-local> ref=33d4267a69329295de0c01401413d7f7e17fcc18
DIFF /label: local=<absent-local> ref=black-o3
DIFF /matrix_direction: local=<absent-local> ref=black
DIFF /matrix_order: local=<absent-local> ref=3
DIFF /python: local=<absent-local> ref=3.12.13
DIFF /runner_name: local=<absent-local> ref=GitHub Actions 1000003074
DIFF /runner_os: local=<absent-local> ref=Linux
MISMATCH (10 fields)
== white-o3 ==
DIFF /github_job: local=<absent-local> ref=expert-audits
DIFF /github_run_attempt: local=<absent-local> ref=1
DIFF /github_run_id: local=<absent-local> ref=29267179250
DIFF /github_sha: local=<absent-local> ref=33d4267a69329295de0c01401413d7f7e17fcc18
DIFF /label: local=<absent-local> ref=white-o3
DIFF /matrix_direction: local=<absent-local> ref=white
DIFF /matrix_order: local=<absent-local> ref=3
DIFF /python: local=<absent-local> ref=3.12.13
DIFF /runner_name: local=<absent-local> ref=GitHub Actions 1000003077
DIFF /runner_os: local=<absent-local> ref=Linux
MISMATCH (10 fields)
== black-o4 ==
DIFF /github_job: local=<absent-local> ref=expert-audits
DIFF /github_run_attempt: local=<absent-local> ref=1
DIFF /github_run_id: local=<absent-local> ref=29267179250
DIFF /github_sha: local=<absent-local> ref=33d4267a69329295de0c01401413d7f7e17fcc18
DIFF /label: local=<absent-local> ref=black-o4
DIFF /matrix_direction: local=<absent-local> ref=black
DIFF /matrix_order: local=<absent-local> ref=4
DIFF /python: local=<absent-local> ref=3.12.13
DIFF /runner_name: local=<absent-local> ref=GitHub Actions 1000003075
DIFF /runner_os: local=<absent-local> ref=Linux
MISMATCH (10 fields)
== white-o4 ==
DIFF /github_job: local=<absent-local> ref=expert-audits
DIFF /github_run_attempt: local=<absent-local> ref=1
DIFF /github_run_id: local=<absent-local> ref=29267179250
DIFF /github_sha: local=<absent-local> ref=33d4267a69329295de0c01401413d7f7e17fcc18
DIFF /label: local=<absent-local> ref=white-o4
DIFF /matrix_direction: local=<absent-local> ref=white
DIFF /matrix_order: local=<absent-local> ref=4
DIFF /python: local=<absent-local> ref=3.12.13
DIFF /runner_name: local=<absent-local> ref=GitHub Actions 1000003080
DIFF /runner_os: local=<absent-local> ref=Linux
MISMATCH (10 fields)
== black-o5 ==
DIFF /github_job: local=<absent-local> ref=expert-audits
DIFF /github_run_attempt: local=<absent-local> ref=1
DIFF /github_run_id: local=<absent-local> ref=29267179250
DIFF /github_sha: local=<absent-local> ref=33d4267a69329295de0c01401413d7f7e17fcc18
DIFF /label: local=<absent-local> ref=black-o5
DIFF /matrix_direction: local=<absent-local> ref=black
DIFF /matrix_order: local=<absent-local> ref=5
DIFF /python: local=<absent-local> ref=3.12.13
DIFF /runner_name: local=<absent-local> ref=GitHub Actions 1000003079
DIFF /runner_os: local=<absent-local> ref=Linux
MISMATCH (10 fields)
== white-o5 ==
DIFF /github_job: local=<absent-local> ref=expert-audits
DIFF /github_run_attempt: local=<absent-local> ref=1
DIFF /github_run_id: local=<absent-local> ref=29267179250
DIFF /github_sha: local=<absent-local> ref=33d4267a69329295de0c01401413d7f7e17fcc18
DIFF /label: local=<absent-local> ref=white-o5
DIFF /matrix_direction: local=<absent-local> ref=white
DIFF /matrix_order: local=<absent-local> ref=5
DIFF /python: local=<absent-local> ref=3.12.13
DIFF /runner_name: local=<absent-local> ref=GitHub Actions 1000003081
DIFF /runner_os: local=<absent-local> ref=Linux
MISMATCH (10 fields)
